<?xml version="1.0" encoding="UTF-8"?>
<!-- Generated by org.testng.reporters.JUnitReportReporter -->
<testsuite skipped="0" hostname="AQMIT-DSK-10155" name="extentreport.check" tests="1" failures="0" timestamp="06 Jan 2022 12:13:23 GMT" time="0.425" errors="0">
  <testcase name="checktabs" time="0.425" classname="extentreport.check"/>
</testsuite> <!-- extentreport.check -->
